nohup: ignoring input
===========================================
Auto-restart Script for SAT Competition
===========================================
Este script se reiniciará automáticamente
si se detiene por cualquier razón.
Presiona Ctrl+C dos veces para detener.
===========================================

[2025-10-19 02:20:19] Iniciando ejecución...
============================================
SAT Competition 2024 - Ordenado por Tamaño
============================================
Configuración:
  Total benchmarks: 400
  Ya completados: 204
  Restantes: 196
  Parallel jobs: 3
  Timeout: 5000s (83.3 min)
  Orden: Menor a mayor tamaño de archivo
============================================

Ordenando benchmarks por tamaño...

[02:20:21] [1/400] INICIO: 897acc1858ce0887f286aba5c0d56d71-Nb13T165 (125273.20 KB)
[02:20:21] [2/400] INICIO: 8942dca5dc0876fc3f723f738d72de1c-circuit_32in32out_with_64gates_8in6out_dist128_seed2.sanitized (61299.11 KB)
[02:20:21] [3/400] INICIO: 88e89266e58f1f125ebc4e0f66e2c060-32_200.sanitized (1311510.36 KB)
[02:21:06] ✓ [3/400] 88e89266e58f1f125ebc4e0f66e2c060-32_200.sanitized -> ERROR (CPU: 0s, Mem: 0KB)
[02:21:06] [4/400] INICIO: 88d151d4e3c6ba9bd78454de141cd108-T105.2.0 (234881.95 KB)
[02:26:52] ✓ [4/400] 88d151d4e3c6ba9bd78454de141cd108-T105.2.0 -> UNSAT (CPU: 0s, Mem: 0KB)
[02:26:52] [5/400] INICIO: 878bcc11e1e243680f7946bcf428f465-linked_list_swap_contents_safety_unwind45 (370101.53 KB)
[02:28:50] ✓ [5/400] 878bcc11e1e243680f7946bcf428f465-linked_list_swap_contents_safety_unwind45 -> UNSAT (CPU: 0s, Mem: 0KB)
[02:28:51] [6/400] INICIO: 8704094951693f99fd21403a039c8131-mchess_16 (19.16 KB)
[03:08:51] ✓ [2/400] 8942dca5dc0876fc3f723f738d72de1c-circuit_32in32out_with_64gates_8in6out_dist128_seed2.sanitized -> SAT (CPU: 0s, Mem: 0KB)
[03:08:51] [176/400] INICIO: 8530c911b75ab1b276042043d118a875-constraints_16_0.4_1.sanitized (14297.05 KB)
[03:18:23] ✓ [1/400] 897acc1858ce0887f286aba5c0d56d71-Nb13T165 -> ERROR (CPU: 0s, Mem: 0KB)
[03:18:23] [177/400] INICIO: 84c6d7e4a18aacf166105aaa3cd6e3de-128_100.sanitized (2348639.31 KB)
[03:18:55] ✓ [176/400] 8530c911b75ab1b276042043d118a875-constraints_16_0.4_1.sanitized -> UNSAT (CPU: 0s, Mem: 0KB)
[03:18:55] [178/400] INICIO: 83dc8f675657b3e6d148ef5cf897fb82-openstacks-sequencedstrips-nonadl-nonnegated-os-sequencedstrips-p30_3.025-NOTKNOWN (8164.72 KB)
[03:19:08] ✓ [177/400] 84c6d7e4a18aacf166105aaa3cd6e3de-128_100.sanitized -> ERROR (CPU: 0s, Mem: 0KB)
[03:19:08] [179/400] INICIO: 83b330c934d6dd35d56e1b1ca3638b3c-j3037_1_mdd_b (1410.33 KB)
[03:48:11] ✓ [179/400] 83b330c934d6dd35d56e1b1ca3638b3c-j3037_1_mdd_b -> SAT (CPU: 0s, Mem: 0KB)
[03:48:11] [180/400] INICIO: 82d9e8d2cfea101dfe52c8359b7bb163-af-synthesis_stb_50_40_2_unsat (2826.95 KB)
[03:52:11] ✓ [6/400] 8704094951693f99fd21403a039c8131-mchess_16 -> TIMEOUT (CPU: 0s, Mem: 0KB)
[03:52:11] [181/400] INICIO: 812926407774771b3bd9885f7bfa4841-lru_9.sanitized (2324869.79 KB)
[03:52:58] ✓ [181/400] 812926407774771b3bd9885f7bfa4841-lru_9.sanitized -> ERROR (CPU: 0s, Mem: 0KB)
[03:52:58] [182/400] INICIO: 7fca438c38e5b7a70e38778ec146cfe0-ctl_4291_567_2_unsat-sc2013 (3013.06 KB)
[04:09:07] ✓ [180/400] 82d9e8d2cfea101dfe52c8359b7bb163-af-synthesis_stb_50_40_2_unsat -> UNSAT (CPU: 0s, Mem: 0KB)
[04:09:07] [183/400] INICIO: 7fb202a51c0223f3119887a57086ca4d-x9-09051.sat.sanitized (48.79 KB)
[04:19:54] ✓ [183/400] 7fb202a51c0223f3119887a57086ca4d-x9-09051.sat.sanitized -> UNSAT (CPU: 0s, Mem: 0KB)
[04:19:54] [184/400] INICIO: 7f7109dce621ef361a72b3e8cee9a962-Break_unsat_06_07.xml (61.23 KB)
[04:19:55] ✓ [184/400] 7f7109dce621ef361a72b3e8cee9a962-Break_unsat_06_07.xml -> UNSAT (CPU: 0s, Mem: 0KB)
[04:19:55] [185/400] INICIO: 7f2b4b2bde9b866b93fbfe01341213da-asconhashv12_opt64_H5_M2-xEJ8F_m0_3_U5.c (5974.57 KB)
[04:23:07] ✓ [185/400] 7f2b4b2bde9b866b93fbfe01341213da-asconhashv12_opt64_H5_M2-xEJ8F_m0_3_U5.c -> UNSAT (CPU: 0s, Mem: 0KB)
[04:23:07] [186/400] INICIO: 7f1c7da531539f3be4a1e0e916913086-pcmax-scheduling-m19-2974-16501-UNSAT.sanitized (262.76 KB)
[04:31:20] ✓ [182/400] 7fca438c38e5b7a70e38778ec146cfe0-ctl_4291_567_2_unsat-sc2013 -> UNSAT (CPU: 0s, Mem: 0KB)
[04:31:20] [187/400] INICIO: 7e1d279559b202016e5797901e731a39-simon-r25-0.sanitized (215.63 KB)
[04:42:16] ✓ [178/400] 83dc8f675657b3e6d148ef5cf897fb82-openstacks-sequencedstrips-nonadl-nonnegated-os-sequencedstrips-p30_3.025-NOTKNOWN -> TIMEOUT (CPU: 0s, Mem: 0KB)
[04:42:16] [188/400] INICIO: 7dc0e1b5fedbd8351907f1316b58e68f-1-ZC-512-K-65.sanitized (17494.36 KB)
[05:46:27] ✓ [186/400] 7f1c7da531539f3be4a1e0e916913086-pcmax-scheduling-m19-2974-16501-UNSAT.sanitized -> TIMEOUT (CPU: 0s, Mem: 0KB)
[05:46:27] [189/400] INICIO: 7db30d12cb06f0dc2f30abff80d96d6a-two-trees-1023v.sanitized (60.21 KB)
[05:54:41] ✓ [187/400] 7e1d279559b202016e5797901e731a39-simon-r25-0.sanitized -> TIMEOUT (CPU: 0s, Mem: 0KB)
[05:54:41] [190/400] INICIO: 7cbc3ce2052ba7c5b501f75af58ab3c4-simon-r22-1.sanitized (188.95 KB)
[06:05:36] ✓ [188/400] 7dc0e1b5fedbd8351907f1316b58e68f-1-ZC-512-K-65.sanitized -> TIMEOUT (CPU: 0s, Mem: 0KB)
[06:05:36] [191/400] INICIO: 7b9d8b9b31b530effd634f5a8f1f4411-stb_531_83.apx_2_DC-ST (242.44 KB)
[06:59:39] ✓ [191/400] 7b9d8b9b31b530effd634f5a8f1f4411-stb_531_83.apx_2_DC-ST -> UNSAT (CPU: 0s, Mem: 0KB)
[06:59:39] [192/400] INICIO: 7b48f9354d25521bd542d859c0ecdde9-hwmcc17miters-xits-iso-oski15a08b00s.sanitized (86298.88 KB)
[07:09:48] ✓ [189/400] 7db30d12cb06f0dc2f30abff80d96d6a-two-trees-1023v.sanitized -> TIMEOUT (CPU: 0s, Mem: 0KB)
[07:09:48] [193/400] INICIO: 7ac7fabd8c078aea420087a0c80e5563-circuit_32in32out_with_400gates_6in6out_dist64_seed1.sanitized (98634.21 KB)
[07:11:42] ✓ [193/400] 7ac7fabd8c078aea420087a0c80e5563-circuit_32in32out_with_400gates_6in6out_dist64_seed1.sanitized -> SAT (CPU: 0s, Mem: 0KB)
[07:11:42] [194/400] INICIO: 79b9e24dd9af185dbec18c9b0a32b1e2-g2-slp-synthesis-aes-top30 (5503.41 KB)
[07:18:01] ✓ [190/400] 7cbc3ce2052ba7c5b501f75af58ab3c4-simon-r22-1.sanitized -> TIMEOUT (CPU: 0s, Mem: 0KB)
[07:18:01] [195/400] INICIO: 792495b57d6145fd21d7076eab2ab06a-grs-64-64 (6981.69 KB)
[07:21:54] ✓ [194/400] 79b9e24dd9af185dbec18c9b0a32b1e2-g2-slp-synthesis-aes-top30 -> SAT (CPU: 0s, Mem: 0KB)
[07:21:54] [196/400] INICIO: 77b7f7bbf75faaee28f473b9941de103-Folkman-185-19924337.sanitized (378.04 KB)
[08:22:59] ✓ [192/400] 7b48f9354d25521bd542d859c0ecdde9-hwmcc17miters-xits-iso-oski15a08b00s.sanitized -> TIMEOUT (CPU: 0s, Mem: 0KB)
[08:22:59] [197/400] INICIO: 778e0fd8f034b7cfd539b1b523ed4c4a-lec_mult_CvW_12x12.sanitized (138.83 KB)
[08:31:58] ✓ [195/400] 792495b57d6145fd21d7076eab2ab06a-grs-64-64 -> UNSAT (CPU: 0s, Mem: 0KB)
[08:31:59] [198/400] INICIO: 773f3bd29e202ff700d8b5b459857a2c-Folkman-175-9054056.sanitized (357.26 KB)
[08:45:14] ✓ [196/400] 77b7f7bbf75faaee28f473b9941de103-Folkman-185-19924337.sanitized -> TIMEOUT (CPU: 0s, Mem: 0KB)
[08:45:14] [199/400] INICIO: 768956cc8d1f2d18ae1929f6bb26557a-cliquecolouring_n13_k8_c7.sanitized (85.42 KB)
[09:46:20] ✓ [197/400] 778e0fd8f034b7cfd539b1b523ed4c4a-lec_mult_CvW_12x12.sanitized -> TIMEOUT (CPU: 0s, Mem: 0KB)
[09:46:20] [200/400] INICIO: 761651d4b6454108403bdefe22720fb3-constraints_18_0.5_2.sanitized (102282.67 KB)
[09:55:19] ✓ [198/400] 773f3bd29e202ff700d8b5b459857a2c-Folkman-175-9054056.sanitized -> TIMEOUT (CPU: 0s, Mem: 0KB)
[09:55:19] [201/400] INICIO: 74f145bb935650f5c982d7eec6967945-pcmax-scheduling-m43-38782-385402-SAT.sanitized (7235.50 KB)
[10:08:35] ✓ [199/400] 768956cc8d1f2d18ae1929f6bb26557a-cliquecolouring_n13_k8_c7.sanitized -> TIMEOUT (CPU: 0s, Mem: 0KB)
[10:08:35] [202/400] INICIO: 7429e380834066c206394139c9e1e17d-af-synthesis_stb_50_100_9_sat (5357.91 KB)
[11:09:40] ✓ [200/400] 761651d4b6454108403bdefe22720fb3-constraints_18_0.5_2.sanitized -> TIMEOUT (CPU: 0s, Mem: 0KB)
[11:09:40] [203/400] INICIO: 72c0d81e16d91bcaed808efcde2e5069-Folkman-175-1251868.sanitized (340.37 KB)
[11:11:22] ✓ [202/400] 7429e380834066c206394139c9e1e17d-af-synthesis_stb_50_100_9_sat -> SAT (CPU: 0s, Mem: 0KB)
[11:11:22] [204/400] INICIO: 71ec94c233016219e12d671594dc88e5-circuit_32in32out_with_70gates_7in7out_dist128_seed1.sanitized (68993.05 KB)
[11:18:39] ✓ [201/400] 74f145bb935650f5c982d7eec6967945-pcmax-scheduling-m43-38782-385402-SAT.sanitized -> TIMEOUT (CPU: 0s, Mem: 0KB)
[11:18:39] [205/400] INICIO: 71a3dd6156463c0c55c4b38394faa753-af-synthesis_stb_50_120_4_sat (6420.23 KB)
[11:36:00] ✓ [204/400] 71ec94c233016219e12d671594dc88e5-circuit_32in32out_with_70gates_7in7out_dist128_seed1.sanitized -> SAT (CPU: 0s, Mem: 0KB)
[11:36:00] [206/400] INICIO: 70ef2b6bdc4101a0e35cf3d165571fe3-qwh.50.1250.shuffled-as.sat03-1655 (4668.25 KB)
[12:06:43] ✓ [205/400] 71a3dd6156463c0c55c4b38394faa753-af-synthesis_stb_50_120_4_sat -> SAT (CPU: 0s, Mem: 0KB)
[12:06:43] [207/400] INICIO: 70bfbd054dc9ffd394fab32845b492d3-circuit_32in32out_with_100gates_7in7out_dist64_seed2.sanitized (100409.76 KB)
[12:14:28] ✓ [207/400] 70bfbd054dc9ffd394fab32845b492d3-circuit_32in32out_with_100gates_7in7out_dist64_seed2.sanitized -> SAT (CPU: 0s, Mem: 0KB)
[12:14:28] [208/400] INICIO: 7083b70c1976162e2693d7a493717ffd-battleship-14-26-sat (45.18 KB)
[12:28:06] ✓ [208/400] 7083b70c1976162e2693d7a493717ffd-battleship-14-26-sat -> SAT (CPU: 0s, Mem: 0KB)
[12:28:06] [209/400] INICIO: 6fc528fc3d0fd5a2c50992feb8bf0357-pcmax-scheduling-m24-17855-226744-SAT.sanitized (4173.17 KB)
[12:33:00] ✓ [203/400] 72c0d81e16d91bcaed808efcde2e5069-Folkman-175-1251868.sanitized -> TIMEOUT (CPU: 0s, Mem: 0KB)
[12:33:00] [210/400] INICIO: 6f7a0e1cf94b6b26eafc08a827a692ce-circuit_64in64out_with_64gates_8in5out_dist256_seed1.sanitized (27675.78 KB)
[12:35:55] ✓ [210/400] 6f7a0e1cf94b6b26eafc08a827a692ce-circuit_64in64out_with_64gates_8in5out_dist256_seed1.sanitized -> SAT (CPU: 0s, Mem: 0KB)
[12:35:55] [211/400] INICIO: 6f4df706246d29bf38adadd274fadab3-SGI_30_60_19_60_6-dir.shuffled-as.sat03-112 (478.59 KB)
[12:59:21] ✓ [206/400] 70ef2b6bdc4101a0e35cf3d165571fe3-qwh.50.1250.shuffled-as.sat03-1655 -> TIMEOUT (CPU: 0s, Mem: 0KB)
[12:59:21] [212/400] INICIO: 6f0e236c999de0a5e3c46fd3463b1d0d-rook-56-1-1 (13383.95 KB)
[13:51:27] ✓ [209/400] 6fc528fc3d0fd5a2c50992feb8bf0357-pcmax-scheduling-m24-17855-226744-SAT.sanitized -> TIMEOUT (CPU: 0s, Mem: 0KB)
[13:51:27] [213/400] INICIO: 6c52aca5b5fd284bf1940b84df90a367-1-TC-256-K-71.sanitized (7623.22 KB)
[13:51:43] ✓ [212/400] 6f0e236c999de0a5e3c46fd3463b1d0d-rook-56-1-1 -> UNSAT (CPU: 0s, Mem: 0KB)
[13:51:43] [214/400] INICIO: 6add7e416c1126607afeb2666af330ac-constraints_16_0.5_1.sanitized (18228.43 KB)
[13:59:15] ✓ [211/400] 6f4df706246d29bf38adadd274fadab3-SGI_30_60_19_60_6-dir.shuffled-as.sat03-112 -> TIMEOUT (CPU: 0s, Mem: 0KB)
[13:59:15] [215/400] INICIO: 6a674acad2aeac729ecb39ad9e4a2298-1-ZC-1024-K-116.sanitized (106087.10 KB)
[14:02:43] ✓ [214/400] 6add7e416c1126607afeb2666af330ac-constraints_16_0.5_1.sanitized -> UNSAT (CPU: 0s, Mem: 0KB)
[14:02:43] [216/400] INICIO: 69e34d0f49c71a7e145d8104ebe0273f-sokoban-p16.sas.ex.15-sc2016 (201120.92 KB)
[14:38:36] ✓ [213/400] 6c52aca5b5fd284bf1940b84df90a367-1-TC-256-K-71.sanitized -> UNSAT (CPU: 0s, Mem: 0KB)
[14:38:36] [217/400] INICIO: 697c96ac45534726c7dbd96faa11a86a-x9-11094.sat.sanitized (60.17 KB)
[14:41:49] ✓ [217/400] 697c96ac45534726c7dbd96faa11a86a-x9-11094.sat.sanitized -> SAT (CPU: 0s, Mem: 0KB)
[14:41:49] [218/400] INICIO: 6969c86fbc5814332ab8615031334fa8-asconhashv12_opt64_H11_M2-fCHjS2L0du5_m2_4.c (7685.44 KB)
[14:44:29] ✓ [218/400] 6969c86fbc5814332ab8615031334fa8-asconhashv12_opt64_H11_M2-fCHjS2L0du5_m2_4.c -> SAT (CPU: 0s, Mem: 0KB)
[14:44:29] [219/400] INICIO: 695e287a447fcdd924985a6e73057a38-rbsat-v1150c84314gyes1 (1000.63 KB)
[15:19:48] ✓ [216/400] 69e34d0f49c71a7e145d8104ebe0273f-sokoban-p16.sas.ex.15-sc2016 -> UNSAT (CPU: 0s, Mem: 0KB)
[15:19:48] [220/400] INICIO: 67c533489a498495525efee429340958-cliquecolouring_n15_k9_c8.sanitized (147.01 KB)
[15:22:36] ✓ [215/400] 6a674acad2aeac729ecb39ad9e4a2298-1-ZC-1024-K-116.sanitized -> TIMEOUT (CPU: 0s, Mem: 0KB)
[15:22:36] [221/400] INICIO: 67b4844c4bfbaf961cbbd79b953aa5c2-stb_588_138.apx_1_DC-AD (156.96 KB)
[16:07:50] ✓ [219/400] 695e287a447fcdd924985a6e73057a38-rbsat-v1150c84314gyes1 -> TIMEOUT (CPU: 0s, Mem: 0KB)
[16:07:50] [222/400] INICIO: 65c5a5d228ec5e52d1a72f918086f584-32_100.sanitized (621525.69 KB)
[16:17:20] ✓ [222/400] 65c5a5d228ec5e52d1a72f918086f584-32_100.sanitized -> SAT (CPU: 0s, Mem: 0KB)
[16:17:20] [223/400] INICIO: 6543793076c30fc7cdfa5a3c819cedc7-oisc-subrv-sll-nested-11 (572471.59 KB)
[16:43:08] ✓ [220/400] 67c533489a498495525efee429340958-cliquecolouring_n15_k9_c8.sanitized -> TIMEOUT (CPU: 0s, Mem: 0KB)
[16:43:08] [224/400] INICIO: 63732c330adb8de8dd47ce1693b86d0e-FmlaEquivChain_4_8_8.sanitized (59519.81 KB)
[16:45:56] ✓ [221/400] 67b4844c4bfbaf961cbbd79b953aa5c2-stb_588_138.apx_1_DC-AD -> TIMEOUT (CPU: 0s, Mem: 0KB)
[16:45:56] [225/400] INICIO: 634a271f5fe339007a186539d615e92f-noL-11-4.sanitized (130.34 KB)
[19:09:41] ✓ [223/400] 6543793076c30fc7cdfa5a3c819cedc7-oisc-subrv-sll-nested-11 -> TIMEOUT (CPU: 0s, Mem: 0KB)
[19:09:41] [226/400] INICIO: 62dcbf79f5ecef5618c9d9a00311326c-pcmax-scheduling-m13-1655-9604-UNSAT.sanitized (149.13 KB)
[19:51:48] ✓ [224/400] 63732c330adb8de8dd47ce1693b86d0e-FmlaEquivChain_4_8_8.sanitized -> TIMEOUT (CPU: 0s, Mem: 0KB)
[19:51:48] [227/400] INICIO: 61069e0e3339af80000b774a041b7d96-constraints_18_0.3_2.sanitized (33341.59 KB)
[19:54:36] ✓ [225/400] 634a271f5fe339007a186539d615e92f-noL-11-4.sanitized -> TIMEOUT (CPU: 0s, Mem: 0KB)
[19:54:36] [228/400] INICIO: 6077d4e5f755124ddc84068d6ccb630f-Nb44T6 (156461.83 KB)
[20:42:34] ✓ [227/400] 61069e0e3339af80000b774a041b7d96-constraints_18_0.3_2.sanitized -> UNSAT (CPU: 0s, Mem: 0KB)
[20:42:34] [229/400] INICIO: 6008b958ff6877f32c26b72728df4523-linked_list_swap_contents_safety_unwind76 (983897.21 KB)
[20:44:21] ✓ [228/400] 6077d4e5f755124ddc84068d6ccb630f-Nb44T6 -> UNSAT (CPU: 0s, Mem: 0KB)
[20:44:21] [230/400] INICIO: 5ee7de2bd112aa39485e79c9d487bf8f-simon-r23-1.sanitized (197.85 KB)
[20:48:47] ✓ [229/400] 6008b958ff6877f32c26b72728df4523-linked_list_swap_contents_safety_unwind76 -> ERROR (CPU: 0s, Mem: 0KB)
[20:48:47] [231/400] INICIO: 5ea72bcdccc86bd1a924029f7b81aec5-atco_enc1_opt1_10_15 (5975.98 KB)
[20:49:21] ✓ [226/400] 62dcbf79f5ecef5618c9d9a00311326c-pcmax-scheduling-m13-1655-9604-UNSAT.sanitized -> TIMEOUT (CPU: 0s, Mem: 0KB)
[20:49:21] [232/400] INICIO: 5e5fe73a2e0ffc8e19873298566919fb-rbsat-v760c43649gyes3 (502.00 KB)
[21:24:44] ✓ [231/400] 5ea72bcdccc86bd1a924029f7b81aec5-atco_enc1_opt1_10_15 -> SAT (CPU: 0s, Mem: 0KB)
[21:24:44] [233/400] INICIO: 5e1c11b77cdf3717b81b957120f0f477-x9-12001.sat.sanitized (65.76 KB)
[21:40:27] ✓ [232/400] 5e5fe73a2e0ffc8e19873298566919fb-rbsat-v760c43649gyes3 -> SAT (CPU: 0s, Mem: 0KB)
[21:40:27] [234/400] INICIO: 5cb1ca8fe8a9d9125ea9accd498445f1-stb_531_83.apx_1_DC-ST (242.44 KB)
[21:42:50] ✓ [233/400] 5e1c11b77cdf3717b81b957120f0f477-x9-12001.sat.sanitized -> SAT (CPU: 0s, Mem: 0KB)
[21:42:50] [235/400] INICIO: 5b5dfab02ce5c12a50be3bc7d7cc42c7-pcmax-scheduling-m15-2352-13561-SAT.sanitized (210.30 KB)
[22:08:28] ✓ [230/400] 5ee7de2bd112aa39485e79c9d487bf8f-simon-r23-1.sanitized -> TIMEOUT (CPU: 0s, Mem: 0KB)
[22:08:28] [236/400] INICIO: 5b0f16de2c5419b80b608db37d07d994-lec_mult_KvW_11x10.sanitized (192.01 KB)
[23:06:49] ✓ [234/400] 5cb1ca8fe8a9d9125ea9accd498445f1-stb_531_83.apx_1_DC-ST -> TIMEOUT (CPU: 0s, Mem: 0KB)
[23:06:49] [237/400] INICIO: 5ab3040d8617bf9f4d4cef4e56dcfd03-g2-hwmcc15deep-6s161-k17 (2090.77 KB)
[23:09:18] ✓ [235/400] 5b5dfab02ce5c12a50be3bc7d7cc42c7-pcmax-scheduling-m15-2352-13561-SAT.sanitized -> TIMEOUT (CPU: 0s, Mem: 0KB)
[23:09:18] [238/400] INICIO: 5a068ba62fe30e435a76e2ec80896ef4-ITC2021_Middle_1.xml (3109.64 KB)
[23:35:20] ✓ [236/400] 5b0f16de2c5419b80b608db37d07d994-lec_mult_KvW_11x10.sanitized -> TIMEOUT (CPU: 0s, Mem: 0KB)
[23:35:20] [239/400] INICIO: 59825ed96dc3bbdbd8789a4870b323ec-hcp_CP18_18 (9335.28 KB)
[00:33:59] ✓ [237/400] 5ab3040d8617bf9f4d4cef4e56dcfd03-g2-hwmcc15deep-6s161-k17 -> TIMEOUT (CPU: 0s, Mem: 0KB)
[00:33:59] [240/400] INICIO: 5952b9f18b73dabb531c60e3ac85d26f-ctl_4291_567_9_unsat (3123.78 KB)
[00:36:28] ✓ [238/400] 5a068ba62fe30e435a76e2ec80896ef4-ITC2021_Middle_1.xml -> TIMEOUT (CPU: 0s, Mem: 0KB)
[00:36:28] [241/400] INICIO: 5865fb9a6575d2ae6542c36ab96646a9-x9-11088.sat.sanitized (60.21 KB)
[00:45:32] ✓ [240/400] 5952b9f18b73dabb531c60e3ac85d26f-ctl_4291_567_9_unsat -> UNSAT (CPU: 0s, Mem: 0KB)
[00:45:32] [242/400] INICIO: 57f4ea7ab160d996e38e69fac59869c4-x9-09047.sat.sanitized (48.93 KB)
[00:48:13] ✓ [242/400] 57f4ea7ab160d996e38e69fac59869c4-x9-09047.sat.sanitized -> UNSAT (CPU: 0s, Mem: 0KB)
[00:48:13] [243/400] INICIO: 576ebc1333f2c466c2dec98792721e1f-j3037_9_rggt_b (1436.55 KB)
[00:50:56] ✓ [241/400] 5865fb9a6575d2ae6542c36ab96646a9-x9-11088.sat.sanitized -> SAT (CPU: 0s, Mem: 0KB)
[00:50:56] [244/400] INICIO: 573cc82ec61e01fd6e6308493ee56289-linked_list_swap_contents_safety_unwind80 (1084032.63 KB)
[00:58:15] ✓ [244/400] 573cc82ec61e01fd6e6308493ee56289-linked_list_swap_contents_safety_unwind80 -> ERROR (CPU: 0s, Mem: 0KB)
[00:58:15] [245/400] INICIO: 5690b9b0380aa9508699e56cae5918b5-170058440 (15.86 KB)
[01:02:28] ✓ [239/400] 59825ed96dc3bbdbd8789a4870b323ec-hcp_CP18_18 -> TIMEOUT (CPU: 0s, Mem: 0KB)
[01:02:28] [246/400] INICIO: 556cf803f9de4b2ec688825b5ff7e325-tseitin_d3_n174.sanitized (9.70 KB)
[01:08:11] ✓ [243/400] 576ebc1333f2c466c2dec98792721e1f-j3037_9_rggt_b -> SAT (CPU: 0s, Mem: 0KB)
[01:08:11] [247/400] INICIO: 55199d55fa9c3751a525d6c0a0e649bd-WS_500_16_90_70.apx_2_DC-AD (153.36 KB)
[02:23:42] ✓ [245/400] 5690b9b0380aa9508699e56cae5918b5-170058440 -> TIMEOUT (CPU: 0s, Mem: 0KB)
[02:23:42] [248/400] INICIO: 54c2da6d387a6f5ad6e014ae4d4decfc-x9-10038.sat.sanitized (54.50 KB)
[02:27:44] ✓ [246/400] 556cf803f9de4b2ec688825b5ff7e325-tseitin_d3_n174.sanitized -> TIMEOUT (CPU: 0s, Mem: 0KB)
[02:27:44] [249/400] INICIO: 543e67dd5abc272c37775b1b742a1d9a-qwh.60.1728.shuffled-as.sat03-1659 (7854.68 KB)
[02:27:49] ✓ [248/400] 54c2da6d387a6f5ad6e014ae4d4decfc-x9-10038.sat.sanitized -> SAT (CPU: 0s, Mem: 0KB)
[02:27:49] [250/400] INICIO: 5432e4dd44480fadbd66647db1750c80-pcmax-scheduling-m24-24102-255206-SAT.sanitized (4828.64 KB)
[02:33:12] ✓ [247/400] 55199d55fa9c3751a525d6c0a0e649bd-WS_500_16_90_70.apx_2_DC-AD -> TIMEOUT (CPU: 0s, Mem: 0KB)
[02:33:12] [251/400] INICIO: 5411047bc24f4321f0e490e01e4a0910-goldcrest-and-9 (21374.72 KB)
[02:44:26] ✓ [251/400] 5411047bc24f4321f0e490e01e4a0910-goldcrest-and-9 -> UNSAT (CPU: 0s, Mem: 0KB)
[02:44:26] [252/400] INICIO: 52aaf653a79ca14fa1127cda32aa94ce-noL-11-10.sanitized (130.37 KB)
[03:51:04] ✓ [249/400] 543e67dd5abc272c37775b1b742a1d9a-qwh.60.1728.shuffled-as.sat03-1659 -> TIMEOUT (CPU: 0s, Mem: 0KB)
[03:51:05] [253/400] INICIO: 511a2d81661a185c2115daec42270dec-circuit_32in32out_with_500gates_6in6out_dist64_seed1.sanitized (125425.36 KB)
[03:51:09] ✓ [250/400] 5432e4dd44480fadbd66647db1750c80-pcmax-scheduling-m24-24102-255206-SAT.sanitized -> TIMEOUT (CPU: 0s, Mem: 0KB)
[03:51:09] [254/400] INICIO: 50019e4419d48196bb4b95933a8b5030-noL-11-14.sanitized (130.40 KB)
[04:01:02] ✓ [253/400] 511a2d81661a185c2115daec42270dec-circuit_32in32out_with_500gates_6in6out_dist64_seed1.sanitized -> SAT (CPU: 0s, Mem: 0KB)
[04:01:02] [255/400] INICIO: 4f2d6659b5c9bf594ea12e3e1a85799f-mdp-32-11-unsat (88.12 KB)
[04:07:47] ✓ [252/400] 52aaf653a79ca14fa1127cda32aa94ce-noL-11-10.sanitized -> TIMEOUT (CPU: 0s, Mem: 0KB)
[04:07:47] [256/400] INICIO: 4e366e723d75fe39bf6db9a24ffb059b-Dodecahedron-k7 (3893.68 KB)
[05:14:30] ✓ [254/400] 50019e4419d48196bb4b95933a8b5030-noL-11-14.sanitized -> TIMEOUT (CPU: 0s, Mem: 0KB)
[05:14:30] [257/400] INICIO: 4d7f6efbae05b66ffbbd509a430d57f8-stb_418_125.apx_1_DC-ST (204.16 KB)
[05:24:22] ✓ [255/400] 4f2d6659b5c9bf594ea12e3e1a85799f-mdp-32-11-unsat -> TIMEOUT (CPU: 0s, Mem: 0KB)
[05:24:22] [258/400] INICIO: 4c54efa61599e33d514bf718ff23ad09-lec_mult_CvK_12x11.sanitized (219.56 KB)
[05:31:07] ✓ [256/400] 4e366e723d75fe39bf6db9a24ffb059b-Dodecahedron-k7 -> TIMEOUT (CPU: 0s, Mem: 0KB)
[05:31:07] [259/400] INICIO: 4be4ae25aae88528bc10f8369bba86df-ER_400_20_4.apx_1_DC-AD (584.54 KB)
[06:37:50] ✓ [257/400] 4d7f6efbae05b66ffbbd509a430d57f8-stb_418_125.apx_1_DC-ST -> TIMEOUT (CPU: 0s, Mem: 0KB)
[06:37:50] [260/400] INICIO: 4a8285a53f30b35016b0c85ea17ba155-1-TC-256-K-68.sanitized (7192.37 KB)
[06:47:43] ✓ [258/400] 4c54efa61599e33d514bf718ff23ad09-lec_mult_CvK_12x11.sanitized -> TIMEOUT (CPU: 0s, Mem: 0KB)
[06:47:43] [261/400] INICIO: 47e1ada0070708c2953d322c06aea00d-noL-11-8.sanitized (130.36 KB)
[06:54:28] ✓ [259/400] 4be4ae25aae88528bc10f8369bba86df-ER_400_20_4.apx_1_DC-AD -> TIMEOUT (CPU: 0s, Mem: 0KB)
[06:54:28] [262/400] INICIO: 479b1413f8bd1d6fc0723856ffca9792-constraints_18_0.4_2.sanitized (80603.65 KB)
[07:44:07] ✓ [260/400] 4a8285a53f30b35016b0c85ea17ba155-1-TC-256-K-68.sanitized -> UNSAT (CPU: 0s, Mem: 0KB)
[07:44:07] [263/400] INICIO: 475803537529d9d14a034957f48a6d38-x9-09076.sat.sanitized (48.95 KB)
[07:51:00] ✓ [263/400] 475803537529d9d14a034957f48a6d38-x9-09076.sat.sanitized -> UNSAT (CPU: 0s, Mem: 0KB)
[07:51:00] [264/400] INICIO: 46d75199933980fdb856f13e5b1817dd-1-TC-256-K-64.sanitized (6613.82 KB)
[08:11:03] ✓ [261/400] 47e1ada0070708c2953d322c06aea00d-noL-11-8.sanitized -> TIMEOUT (CPU: 0s, Mem: 0KB)
[08:11:03] [265/400] INICIO: 462d72f9b78ab1cd080667ff12a114ac-lec_mult_CvK_12x12.sanitized (228.36 KB)
[08:17:48] ✓ [262/400] 479b1413f8bd1d6fc0723856ffca9792-constraints_18_0.4_2.sanitized -> TIMEOUT (CPU: 0s, Mem: 0KB)
[08:17:48] [266/400] INICIO: 461df1a7056560279d532bc2743022b6-Folkman-185-75415683.sanitized (390.87 KB)
[10:47:34] ✓ [264/400] 46d75199933980fdb856f13e5b1817dd-1-TC-256-K-64.sanitized -> TIMEOUT (CPU: 0s, Mem: 0KB)
[10:47:34] [267/400] INICIO: 45a09efb026036ff4b8d19024a7563a9-fermat-931960058139995587 (1374.53 KB)
[11:09:04] ✓ [265/400] 462d72f9b78ab1cd080667ff12a114ac-lec_mult_CvK_12x12.sanitized -> TIMEOUT (CPU: 0s, Mem: 0KB)
[11:09:04] [268/400] INICIO: 4517202fdd0ccc8a97d83684b021ea96-VanDerWaerden_2-3-14_186 (180.25 KB)
[11:16:15] ✓ [266/400] 461df1a7056560279d532bc2743022b6-Folkman-185-75415683.sanitized -> TIMEOUT (CPU: 0s, Mem: 0KB)
[11:16:15] [269/400] INICIO: 44fd38bd0c5fc7336be468161dee4eda-post-cbmc-aes-ee-r3-noholes (61629.36 KB)
[11:55:00] ✓ [269/400] 44fd38bd0c5fc7336be468161dee4eda-post-cbmc-aes-ee-r3-noholes -> UNSAT (CPU: 0s, Mem: 0KB)
[11:55:00] [270/400] INICIO: 44c25de7963c45e92a2407ad839f6e8b-Break_20_72.xml (4339.59 KB)
[12:16:30] ✓ [267/400] 45a09efb026036ff4b8d19024a7563a9-fermat-931960058139995587 -> TIMEOUT (CPU: 0s, Mem: 0KB)
[12:16:30] [271/400] INICIO: 43e492bccfd57029b758897b17d7f04f-pb_300_09_lb_07 (11400.50 KB)
[12:18:01] ✓ [271/400] 43e492bccfd57029b758897b17d7f04f-pb_300_09_lb_07 -> SAT (CPU: 0s, Mem: 0KB)
[12:18:01] [272/400] INICIO: 425c81fc3af7f5124b6282583d80df11-mdp-32-12-unsat (87.77 KB)
[12:37:50] ✓ [268/400] 4517202fdd0ccc8a97d83684b021ea96-VanDerWaerden_2-3-14_186 -> TIMEOUT (CPU: 0s, Mem: 0KB)
[12:37:50] [273/400] INICIO: 4214f45042f8c504f9837afaec88bf8f-ER_400_20_7.apx_2_DC-AD (570.71 KB)
[10:22:26] ✓ [270/400] 44c25de7963c45e92a2407ad839f6e8b-Break_20_72.xml -> TIMEOUT (CPU: 0s, Mem: 0KB)
[10:22:26] [274/400] INICIO: 41f4cb4992a481c9d43e2e1a4e2349ac-sgen1-sat-180-100 (5.14 KB)
[10:35:07] ✓ [274/400] 41f4cb4992a481c9d43e2e1a4e2349ac-sgen1-sat-180-100 -> SAT (CPU: 0s, Mem: 0KB)
[10:35:07] [275/400] INICIO: 4106867bc76b8794330a205cf8a303ad-bvsub_19952.smt2 (31377.21 KB)
[10:45:00] ✓ [272/400] 425c81fc3af7f5124b6282583d80df11-mdp-32-12-unsat -> TIMEOUT (CPU: 0s, Mem: 0KB)
[10:45:00] [276/400] INICIO: 40737c2f46512069d54b0d2bb3b47a20-ER_400_20_4.apx_2_DC-AD (584.54 KB)
[11:04:32] ✓ [273/400] 4214f45042f8c504f9837afaec88bf8f-ER_400_20_7.apx_2_DC-AD -> TIMEOUT (CPU: 0s, Mem: 0KB)
[11:04:32] [277/400] INICIO: 4073757aae06fc2b50c043f088b132b4-simon-r19-1.sanitized (162.30 KB)
[11:09:48] ✓ [275/400] 4106867bc76b8794330a205cf8a303ad-bvsub_19952.smt2 -> UNSAT (CPU: 0s, Mem: 0KB)
[11:09:48] [278/400] INICIO: 3ed56242f55e3653dbceeb4a70221787-rbsat-v945c61409gyes9-sc2009 (706.90 KB)
[11:12:28] ✓ [278/400] 3ed56242f55e3653dbceeb4a70221787-rbsat-v945c61409gyes9-sc2009 -> SAT (CPU: 0s, Mem: 0KB)
[11:12:28] [279/400] INICIO: 3c6e1d1c4b8d3d08aa4c1df3805f4f7d-x9-10031.sat.sanitized (54.41 KB)
[19:23:27] ✓ [276/400] 40737c2f46512069d54b0d2bb3b47a20-ER_400_20_4.apx_2_DC-AD -> TIMEOUT (CPU: 0s, Mem: 0KB)
[19:23:27] [280/400] INICIO: 3bf8ba6bb4e4ea9ad08b1b058661ba2e-summle_X4044_steps7_I1-2-2-4-4-8-25-100 (3887.13 KB)
[19:23:32] ✓ [280/400] 3bf8ba6bb4e4ea9ad08b1b058661ba2e-summle_X4044_steps7_I1-2-2-4-4-8-25-100 -> SAT (CPU: 0s, Mem: 0KB)
[19:23:32] [281/400] INICIO: 3b59c5d9b6729f39c8483446701f4ed0-g2-T93.2.1 (263867.71 KB)
[19:30:34] ✓ [279/400] 3c6e1d1c4b8d3d08aa4c1df3805f4f7d-x9-10031.sat.sanitized -> UNSAT (CPU: 0s, Mem: 0KB)
[19:30:34] [282/400] INICIO: 3a75ad246dbc750a7391ad887c5b0835-x9-11093.sat.sanitized (60.15 KB)
[19:32:57] ✓ [282/400] 3a75ad246dbc750a7391ad887c5b0835-x9-11093.sat.sanitized -> SAT (CPU: 0s, Mem: 0KB)
[19:32:57] [283/400] INICIO: 39fba35826ce8c87cd8e8de1969b2dd2-SGI_30_80_26_70_4-log.shuffled-as.sat03-208 (2018.36 KB)
[19:42:31] ✓ [277/400] 4073757aae06fc2b50c043f088b132b4-simon-r19-1.sanitized -> TIMEOUT (CPU: 0s, Mem: 0KB)
[19:42:31] [284/400] INICIO: 3988a60c6e93167763c6fd2a347d5859-Break_08_24.xml (189.17 KB)
[19:42:32] ✓ [284/400] 3988a60c6e93167763c6fd2a347d5859-Break_08_24.xml -> SAT (CPU: 0s, Mem: 0KB)
[19:42:32] [285/400] INICIO: 396fd56f3fd7b85afbba4254ea6e746c-circuit_32in32out_with_80gates_7in7out_dist128_seed1.sanitized (79169.10 KB)
[19:45:44] ✓ [281/400] 3b59c5d9b6729f39c8483446701f4ed0-g2-T93.2.1 -> UNSAT (CPU: 0s, Mem: 0KB)
[19:45:44] [286/400] INICIO: 39277cab188349aee0f229cb7341b5c5-crafted_n12_d6_c4_num23 (240062.26 KB)
[19:55:48] ✓ [285/400] 396fd56f3fd7b85afbba4254ea6e746c-circuit_32in32out_with_80gates_7in7out_dist128_seed1.sanitized -> SAT (CPU: 0s, Mem: 0KB)
[19:55:48] [287/400] INICIO: 385042a6042a0df5ddfec6e17f285ae7-lec_mult_CvD_11x11.sanitized (111.21 KB)
[20:59:19] ✓ [283/400] 39fba35826ce8c87cd8e8de1969b2dd2-SGI_30_80_26_70_4-log.shuffled-as.sat03-208 -> TIMEOUT (CPU: 0s, Mem: 0KB)
[20:59:19] [288/400] INICIO: 37ca184832fc6fa43a22ae900f1756a2-circuit_32in32out_with_350gates_6in6out_dist64_seed1.sanitized (85274.36 KB)
[21:01:04] ✓ [288/400] 37ca184832fc6fa43a22ae900f1756a2-circuit_32in32out_with_350gates_6in6out_dist64_seed1.sanitized -> SAT (CPU: 0s, Mem: 0KB)
[21:01:04] [289/400] INICIO: 37a11ae189df2834a3f294736f34608f-mdp-28-16-unsat (65.12 KB)
[21:12:07] ✓ [286/400] 39277cab188349aee0f229cb7341b5c5-crafted_n12_d6_c4_num23 -> TIMEOUT (CPU: 0s, Mem: 0KB)
[21:12:07] [290/400] INICIO: 36dbc206c7d9773bebb03f752070cee9-tseitin_grid_n11_m20.sanitized (27.27 KB)
[21:12:43] ✓ [287/400] 385042a6042a0df5ddfec6e17f285ae7-lec_mult_CvD_11x11.sanitized -> UNSAT (CPU: 0s, Mem: 0KB)
[21:12:43] [291/400] INICIO: 3593875d75d6e836a3ac328c5426c1b5-Break_18_32.xml (2960.56 KB)
[22:27:13] ✓ [289/400] 37a11ae189df2834a3f294736f34608f-mdp-28-16-unsat -> TIMEOUT (CPU: 0s, Mem: 0KB)
[22:27:13] [292/400] INICIO: 35789168b67a74985804902008251269-tseitingrid6x200_shuffled (207.71 KB)
[22:38:14] ✓ [290/400] 36dbc206c7d9773bebb03f752070cee9-tseitin_grid_n11_m20.sanitized -> TIMEOUT (CPU: 0s, Mem: 0KB)
[22:38:14] [293/400] INICIO: 34fa0922e66aee3b6f6ffe1760f459d4-f9idw (28903.07 KB)
[22:38:49] ✓ [291/400] 3593875d75d6e836a3ac328c5426c1b5-Break_18_32.xml -> TIMEOUT (CPU: 0s, Mem: 0KB)
[22:38:49] [294/400] INICIO: 334aa882de28856fc8c75885285d2a3c-HCP-446-105 (5589.32 KB)
[23:07:01] ✓ [293/400] 34fa0922e66aee3b6f6ffe1760f459d4-f9idw -> UNSAT (CPU: 0s, Mem: 0KB)
[23:07:01] [295/400] INICIO: 32585e66749f42e161e94fc49fd64750-pcmax-scheduling-m26-6398-62377-UNSAT.sanitized (1017.60 KB)
[01:31:43] ✓ [295/400] 32585e66749f42e161e94fc49fd64750-pcmax-scheduling-m26-6398-62377-UNSAT.sanitized -> UNSAT (CPU: 0s, Mem: 0KB)
[01:31:43] [296/400] INICIO: 31e788a12ddc8b43ec20e77d53abaa23-pcmax-scheduling-m40-26287-324155-SAT.sanitized (5644.11 KB)
[01:55:05] ✓ [292/400] 35789168b67a74985804902008251269-tseitingrid6x200_shuffled -> TIMEOUT (CPU: 0s, Mem: 0KB)
[01:55:05] [297/400] INICIO: 31bb67fe67e57dbeb8c4819b01892588-hwmcc17miters-xits-iso-oski15a08b08s.sanitized (86326.79 KB)
[02:06:20] ✓ [294/400] 334aa882de28856fc8c75885285d2a3c-HCP-446-105 -> TIMEOUT (CPU: 0s, Mem: 0KB)
[02:06:20] [298/400] INICIO: 3184e52e950ac39095a801c418f68d50-mdp-28-10-unsat (66.73 KB)
[02:55:03] ✓ [296/400] 31e788a12ddc8b43ec20e77d53abaa23-pcmax-scheduling-m40-26287-324155-SAT.sanitized -> TIMEOUT (CPU: 0s, Mem: 0KB)
[02:55:03] [299/400] INICIO: 3129198788f182ce6955b18aa3c7e61e-simon-r24-1.sanitized (206.71 KB)
[03:10:18] ✓ [298/400] 3184e52e950ac39095a801c418f68d50-mdp-28-10-unsat -> UNSAT (CPU: 0s, Mem: 0KB)
[03:10:19] [300/400] INICIO: 30f0db845937bbda3ffde60e5ed4cb3f-Folkman-190-66337703.sanitized (423.26 KB)
[03:18:25] ✓ [297/400] 31bb67fe67e57dbeb8c4819b01892588-hwmcc17miters-xits-iso-oski15a08b08s.sanitized -> TIMEOUT (CPU: 0s, Mem: 0KB)
[03:18:25] [301/400] INICIO: 305ad7d773d6c72be9b1efbf7bf482e0-asconhashv12_opt64_H9_M2-MIC4kfhiA_m0_6_U2.c (7687.68 KB)
[03:36:04] ✓ [301/400] 305ad7d773d6c72be9b1efbf7bf482e0-asconhashv12_opt64_H9_M2-MIC4kfhiA_m0_6_U2.c -> UNSAT (CPU: 0s, Mem: 0KB)
[03:36:04] [302/400] INICIO: 303480ca7e8322d771c94caf4ebd4e95-circuit_48in64out_with_700gates_4in4out_dist128_seed1.sanitized (7045.60 KB)
[03:36:23] ✓ [302/400] 303480ca7e8322d771c94caf4ebd4e95-circuit_48in64out_with_700gates_4in4out_dist128_seed1.sanitized -> SAT (CPU: 0s, Mem: 0KB)
[03:36:23] [303/400] INICIO: 2fcd8533eba981967292f1b6e41f7433-simon-r20-0.sanitized (171.17 KB)
[04:18:24] ✓ [299/400] 3129198788f182ce6955b18aa3c7e61e-simon-r24-1.sanitized -> TIMEOUT (CPU: 0s, Mem: 0KB)
[04:18:24] [304/400] INICIO: 2eb039a5aa6bfb6e41d3afd41071ca55-ER_500_30_3.apx_1_DC-ST (1365.66 KB)
[04:33:39] ✓ [300/400] 30f0db845937bbda3ffde60e5ed4cb3f-Folkman-190-66337703.sanitized -> TIMEOUT (CPU: 0s, Mem: 0KB)
[04:33:39] [305/400] INICIO: 2dd4b14a8a820e7baa073554ae2c6cb0-rphp_p8_r160.sanitized (2341.55 KB)
[04:59:43] ✓ [303/400] 2fcd8533eba981967292f1b6e41f7433-simon-r20-0.sanitized -> TIMEOUT (CPU: 0s, Mem: 0KB)
[04:59:43] [306/400] INICIO: 2d6d26e1c5b4f2763c03697a6d00d3cf-fixedbandwidth-eq-31_shuffled (6.49 KB)
[05:41:44] ✓ [304/400] 2eb039a5aa6bfb6e41d3afd41071ca55-ER_500_30_3.apx_1_DC-ST -> TIMEOUT (CPU: 0s, Mem: 0KB)
[05:41:44] [307/400] INICIO: 2c3c28f6d939d157e909c57a265fc908-mchess_17 (21.91 KB)
[05:56:59] ✓ [305/400] 2dd4b14a8a820e7baa073554ae2c6cb0-rphp_p8_r160.sanitized -> TIMEOUT (CPU: 0s, Mem: 0KB)
[05:56:59] [308/400] INICIO: 2b8a711debc3a6edd01e7b4e305342d9-REGRandom-K4-L2-Seed35.sanitized (74089.17 KB)
[06:05:15] ✓ [308/400] 2b8a711debc3a6edd01e7b4e305342d9-REGRandom-K4-L2-Seed35.sanitized -> ERROR (CPU: 0s, Mem: 0KB)
[06:05:15] [309/400] INICIO: 2b60f9be1439f63b7f174c6b8ca7fedf-sgen1-unsat-121-100 (3.18 KB)
[06:23:04] ✓ [306/400] 2d6d26e1c5b4f2763c03697a6d00d3cf-fixedbandwidth-eq-31_shuffled -> TIMEOUT (CPU: 0s, Mem: 0KB)
[06:23:04] [310/400] INICIO: 2b043efb4bde6d83f7c95a8e8e2d7bf8-simon-r21-0.sanitized (180.07 KB)
